Run with command:
--cnn --dataset amazon_movies_20K --embedding /home/mahmoudm/pb90_scratch/mahmoud/TextFooler-master/data/embeddings/glove.6B/glove.6B.200d.txt --d 100 --batch_size=32 --max_length=256 --save_path classifiers/wordcnn/amazon_movies_20K_trim_len_256_0

Max seq length found = 256
Epoch=0 iter=782 lr=0.001000 train_loss=0.289835 test_acc=0.859040

 29%|██▊       | 20/70 [00:17<00:44,  1.13it/s]





Test acc not improved from 0.89796



Test acc not improved from 0.89848

Test acc not improved from 0.89848


Test acc not improved from 0.90076

Test acc not improved from 0.90076

Test acc not improved from 0.90076

Test acc not improved from 0.90076

Test acc not improved from 0.90076


Test acc not improved from 0.90108

Test acc not improved from 0.90108

Epoch=20 iter=16422 lr=0.001000 train_loss=0.015646 test_acc=0.873560
Test acc not improved from 0.90108

 57%|█████▋    | 40/70 [05:32<02:40,  5.34s/it]
Test acc not improved from 0.90108

Test acc not improved from 0.90108

Test acc not improved from 0.90108

Test acc not improved from 0.90108

Test acc not improved from 0.90108

Test acc not improved from 0.90108

Test acc not improved from 0.90108

Test acc not improved from 0.90108

Test acc not improved from 0.90108

Test acc not improved from 0.90108

Test acc not improved from 0.90108


Test acc not improved from 0.90172

Test acc not improved from 0.90172


Test acc not improved from 0.90272

Test acc not improved from 0.90272

Test acc not improved from 0.90272

Test acc not improved from 0.90272

Epoch=40 iter=32062 lr=0.001000 train_loss=0.019712 test_acc=0.892560
Test acc not improved from 0.90272

 86%|████████▌ | 60/70 [10:44<01:24,  8.42s/it]
Test acc not improved from 0.90272

Test acc not improved from 0.90272

Test acc not improved from 0.90272

Test acc not improved from 0.90272


Test acc not improved from 0.90532

Test acc not improved from 0.90532

Test acc not improved from 0.90532

Test acc not improved from 0.90532

Test acc not improved from 0.90532

Test acc not improved from 0.90532

Test acc not improved from 0.90532

Test acc not improved from 0.90532

Test acc not improved from 0.90532

Test acc not improved from 0.90532

Test acc not improved from 0.90532

Test acc not improved from 0.90532

Test acc not improved from 0.90532

Test acc not improved from 0.90532

Epoch=60 iter=47702 lr=0.001000 train_loss=0.001940 test_acc=0.901120
Test acc not improved from 0.90532

80it [15:56, 10.58s/it]
Test acc not improved from 0.90532

Test acc not improved from 0.90532


Test acc not improved from 0.90656

Test acc not improved from 0.90656

Test acc not improved from 0.90656


Test acc not improved from 0.90728


test_acc: 0.907800
