Run with command:
--lstm --dataset amazon_movies_20K --embedding /home/mahmoudm/pb90_scratch/mahmoud/TextFooler-master/data/embeddings/glove.6B/glove.6B.200d.txt --d 100 --batch_size=32 --max_length=256 --save_path classifiers/lstm/amazon_movies_20K_trim_len_256_0

Max seq length found = 256
Epoch=0 iter=782 lr=0.001000 train_loss=0.291794 test_acc=0.835760

 29%|██▊       | 20/70 [00:27<01:07,  1.36s/it]


Test acc not improved from 0.88876


Test acc not improved from 0.89424




Test acc not improved from 0.90484

Test acc not improved from 0.90484


Test acc not improved from 0.91072


Test acc not improved from 0.91596

Test acc not improved from 0.91596

Test acc not improved from 0.91596

Test acc not improved from 0.91596


Test acc not improved from 0.9164

Epoch=20 iter=16422 lr=0.001000 train_loss=0.057846 test_acc=0.909040
Test acc not improved from 0.9164

 57%|█████▋    | 40/70 [09:18<04:27,  8.92s/it]
Test acc not improved from 0.9164


Test acc not improved from 0.9174

Test acc not improved from 0.9174

Test acc not improved from 0.9174

Test acc not improved from 0.9174


Test acc not improved from 0.92236

Test acc not improved from 0.92236

Test acc not improved from 0.92236



Test acc not improved from 0.92368

Test acc not improved from 0.92368

Test acc not improved from 0.92368

Test acc not improved from 0.92368

Test acc not improved from 0.92368

Test acc not improved from 0.92368

Test acc not improved from 0.92368

Epoch=40 iter=32062 lr=0.001000 train_loss=0.007786 test_acc=0.921240
Test acc not improved from 0.92368

 86%|████████▌ | 60/70 [16:27<02:06, 12.69s/it]
Test acc not improved from 0.92368

Test acc not improved from 0.92368

Test acc not improved from 0.92368

Test acc not improved from 0.92368

Test acc not improved from 0.92368

Test acc not improved from 0.92368

Test acc not improved from 0.92368

Test acc not improved from 0.92368

Test acc not improved from 0.92368

Test acc not improved from 0.92368

Test acc not improved from 0.92368

Test acc not improved from 0.92368

Test acc not improved from 0.92368

Test acc not improved from 0.92368

Test acc not improved from 0.92368

Test acc not improved from 0.92368

Test acc not improved from 0.92368

Test acc not improved from 0.92368

Test acc not improved from 0.92368

Epoch=60 iter=47702 lr=0.001000 train_loss=0.002125 test_acc=0.918920
Test acc not improved from 0.92368

80it [23:43, 15.42s/it]
Test acc not improved from 0.92368

Test acc not improved from 0.92368

Test acc not improved from 0.92368

Test acc not improved from 0.92368

Test acc not improved from 0.92368

Test acc not improved from 0.92368

Test acc not improved from 0.92368

Test acc not improved from 0.92368


test_acc: 0.923920
