Run with command:
--lstm --dataset mr --embedding /home/mahmoudm/pb90_scratch/mahmoud/TextFooler-master/data/embeddings/glove.6B/glove.6B.200d.txt --d 100 --batch_size=32 --max_length=256 --save_path classifiers/lstm/mr_trim_len_256_0

Max seq length found = 256
Epoch=0 iter=300 lr=0.001000 train_loss=0.544365 test_acc=0.726336

 29%|█████████████████████████████████████████▍                                                                                                       | 20/70 [00:08<00:21,  2.28it/s]






Test acc not improved from 0.7769447047797563


Test acc not improved from 0.7863167760074976

Test acc not improved from 0.7863167760074976



Test acc not improved from 0.8013120899718837

Test acc not improved from 0.8013120899718837


Test acc not improved from 0.8088097469540768

Test acc not improved from 0.8088097469540768

Test acc not improved from 0.8088097469540768

Test acc not improved from 0.8088097469540768

Epoch=20 iter=6300 lr=0.001000 train_loss=0.379507 test_acc=0.799438
Test acc not improved from 0.8088097469540768

 57%|██████████████████████████████████████████████████████████████████████████████████▊                                                              | 40/70 [04:07<01:56,  3.89s/it]

Test acc not improved from 0.8116213683223993

Test acc not improved from 0.8116213683223993


Test acc not improved from 0.8125585754451734

Test acc not improved from 0.8125585754451734

Test acc not improved from 0.8125585754451734

Test acc not improved from 0.8125585754451734

Test acc not improved from 0.8125585754451734

Test acc not improved from 0.8125585754451734


Test acc not improved from 0.8181818181818182

Test acc not improved from 0.8181818181818182

Test acc not improved from 0.8181818181818182

Test acc not improved from 0.8181818181818182

Test acc not improved from 0.8181818181818182

Test acc not improved from 0.8181818181818182

Test acc not improved from 0.8181818181818182

Test acc not improved from 0.8181818181818182

Epoch=40 iter=12300 lr=0.001000 train_loss=0.290899 test_acc=0.809747
Test acc not improved from 0.8181818181818182

 86%|████████████████████████████████████████████████████████████████████████████████████████████████████████████████████████████▎                    | 60/70 [09:41<01:17,  7.72s/it]
Test acc not improved from 0.8181818181818182

Test acc not improved from 0.8181818181818182

Test acc not improved from 0.8181818181818182

Test acc not improved from 0.8181818181818182

Test acc not improved from 0.8181818181818182

Test acc not improved from 0.8181818181818182

Test acc not improved from 0.8181818181818182

Test acc not improved from 0.8181818181818182

Test acc not improved from 0.8181818181818182

Test acc not improved from 0.8181818181818182

Test acc not improved from 0.8181818181818182

Test acc not improved from 0.8181818181818182

Test acc not improved from 0.8181818181818182

Test acc not improved from 0.8181818181818182

Test acc not improved from 0.8181818181818182

Test acc not improved from 0.8181818181818182

Test acc not improved from 0.8181818181818182

Test acc not improved from 0.8181818181818182

Test acc not improved from 0.8181818181818182

Epoch=60 iter=18300 lr=0.001000 train_loss=0.206319 test_acc=0.785380
Test acc not improved from 0.8181818181818182

80it [15:10, 10.35s/it]
Test acc not improved from 0.8181818181818182

Test acc not improved from 0.8181818181818182

Test acc not improved from 0.8181818181818182

Test acc not improved from 0.8181818181818182

Test acc not improved from 0.8181818181818182

Test acc not improved from 0.8181818181818182

Test acc not improved from 0.8181818181818182

Test acc not improved from 0.8181818181818182

Test acc not improved from 0.8181818181818182

test_acc: 0.818182
